<?xml version="1.0" encoding="UTF-8"?>
<testng-results ignored="0" total="5" passed="5" failed="0" skipped="0">
  <reporter-output>
  </reporter-output>
  <suite started-at="2024-08-14T15:56:29 IST" name="Suite" finished-at="2024-08-14T15:57:15 IST" duration-ms="45620">
    <groups>
    </groups>
    <test started-at="2024-08-14T15:56:29 IST" name="Test" finished-at="2024-08-14T15:57:15 IST" duration-ms="45620">
      <class name="com.multiorganisationtest.MultipleOrganisationTest">
        <test-method signature="createOrganisationWithPhNum()[pri:0, instance:com.multiorganisationtest.MultipleOrganisationTest@2af004b]" started-at="2024-08-14T15:56:49 IST" name="createOrganisationWithPhNum" finished-at="2024-08-14T15:56:57 IST" duration-ms="7748" status="PASS">
          <reporter-output>
          </reporter-output>
        </test-method> <!-- createOrganisationWithPhNum -->
        <test-method signature="organisationTestExecution()[pri:0, instance:com.multiorganisationtest.MultipleOrganisationTest@2af004b]" started-at="2024-08-14T15:56:57 IST" name="organisationTestExecution" finished-at="2024-08-14T15:57:05 IST" duration-ms="8460" status="PASS">
          <reporter-output>
          </reporter-output>
        </test-method> <!-- organisationTestExecution -->
        <test-method signature="organisationWithIndustry()[pri:0, instance:com.multiorganisationtest.MultipleOrganisationTest@2af004b]" started-at="2024-08-14T15:57:05 IST" name="organisationWithIndustry" finished-at="2024-08-14T15:57:15 IST" duration-ms="9333" status="PASS">
          <reporter-output>
          </reporter-output>
        </test-method> <!-- organisationWithIndustry -->
      </class> <!-- com.multiorganisationtest.MultipleOrganisationTest -->
      <class name="com.multicontacttest.MultipleContactTest">
        <test-method signature="contactWithOrg()[pri:0, instance:com.multicontacttest.MultipleContactTest@1ed4ae0f]" started-at="2024-08-14T15:56:29 IST" name="contactWithOrg" finished-at="2024-08-14T15:56:42 IST" duration-ms="12885" status="PASS">
          <reporter-output>
          </reporter-output>
        </test-method> <!-- contactWithOrg -->
        <test-method signature="createContact()[pri:0, instance:com.multicontacttest.MultipleContactTest@1ed4ae0f]" started-at="2024-08-14T15:56:42 IST" name="createContact" finished-at="2024-08-14T15:56:49 IST" duration-ms="7157" status="PASS">
          <reporter-output>
          </reporter-output>
        </test-method> <!-- createContact -->
      </class> <!-- com.multicontacttest.MultipleContactTest -->
    </test> <!-- Test -->
  </suite> <!-- Suite -->
</testng-results>
