<?xml version="1.0" encoding="UTF-8"?>
<!-- Generated by org.testng.reporters.JUnitXMLReporter -->
<testsuite ignored="0" hostname="Bhavani" failures="0" tests="5" name="Test" time="45.62" errors="0" timestamp="2024-08-14T15:57:15 IST">
  <testcase classname="com.multicontacttest.MultipleContactTest" name="contactWithOrg" time="12.885"/>
  <testcase classname="com.multicontacttest.MultipleContactTest" name="createContact" time="7.157"/>
  <testcase classname="com.multiorganisationtest.MultipleOrganisationTest" name="createOrganisationWithPhNum" time="7.748"/>
  <testcase classname="com.multiorganisationtest.MultipleOrganisationTest" name="organisationTestExecution" time="8.46"/>
  <testcase classname="com.multiorganisationtest.MultipleOrganisationTest" name="organisationWithIndustry" time="9.333"/>
</testsuite> <!-- Test -->
